0 info it worked if it ends with ok
1 verbose cli [ '/home/flynn/.meteor/packages/meteor-tool/.1.4.2_3.1xwvbgu++os.linux.x86_64+web.browser+web.cordova/mt-os.linux.x86_64/dev_bundle/bin/node',
1 verbose cli   '/home/flynn/.meteor/packages/meteor-tool/.1.4.2_3.1xwvbgu++os.linux.x86_64+web.browser+web.cordova/mt-os.linux.x86_64/dev_bundle/bin/npm',
1 verbose cli   'start' ]
2 info using npm@3.10.9
3 info using node@v4.6.2
4 verbose run-script [ 'prestart', 'start', 'poststart' ]
5 info lifecycle botman@~prestart: botman@
6 silly lifecycle botman@~prestart: no script for prestart, continuing
7 info lifecycle botman@~start: botman@
8 verbose lifecycle botman@~start: unsafe-perm in lifecycle true
9 verbose lifecycle botman@~start: PATH: /home/flynn/.meteor/packages/meteor-tool/.1.4.2_3.1xwvbgu++os.linux.x86_64+web.browser+web.cordova/mt-os.linux.x86_64/dev_bundle/lib/node_modules/npm/bin/node-gyp-bin:/home/flynn/botman/node_modules/.bin:/home/flynn/.meteor/packages/meteor-tool/.1.4.2_3.1xwvbgu++os.linux.x86_64+web.browser+web.cordova/mt-os.linux.x86_64/dev_bundle/bin:/home/flynn/.meteor/packages/meteor-tool/.1.4.2_3.1xwvbgu++os.linux.x86_64+web.browser+web.cordova/mt-os.linux.x86_64/dev_bundle/lib/node_modules/.bin:/home/flynn/bin:/home/flynn/.local/bin:/home/flynn/bin:/home/flynn/.local/bin:/usr/local/sbin:/usr/local/bin:/usr/sbin:/usr/bin:/sbin:/bin:/usr/games:/usr/local/games:/snap/bin:/snap/bin
10 verbose lifecycle botman@~start: CWD: /home/flynn/botman
11 silly lifecycle botman@~start: Args: [ '-c', 'meteor run --settings settings-development.json' ]
12 silly lifecycle botman@~start: Returned: code: 254  signal: null
13 info lifecycle botman@~start: Failed to exec start script
14 verbose stack Error: botman@ start: `meteor run --settings settings-development.json`
14 verbose stack Exit status 254
14 verbose stack     at EventEmitter.<anonymous> (/home/flynn/.meteor/packages/meteor-tool/.1.4.2_3.1xwvbgu++os.linux.x86_64+web.browser+web.cordova/mt-os.linux.x86_64/dev_bundle/lib/node_modules/npm/lib/utils/lifecycle.js:255:16)
14 verbose stack     at emitTwo (events.js:87:13)
14 verbose stack     at EventEmitter.emit (events.js:172:7)
14 verbose stack     at ChildProcess.<anonymous> (/home/flynn/.meteor/packages/meteor-tool/.1.4.2_3.1xwvbgu++os.linux.x86_64+web.browser+web.cordova/mt-os.linux.x86_64/dev_bundle/lib/node_modules/npm/lib/utils/spawn.js:40:14)
14 verbose stack     at emitTwo (events.js:87:13)
14 verbose stack     at ChildProcess.emit (events.js:172:7)
14 verbose stack     at maybeClose (internal/child_process.js:854:16)
14 verbose stack     at Process.ChildProcess._handle.onexit (internal/child_process.js:222:5)
15 verbose pkgid botman@
16 verbose cwd /home/flynn/botman
17 error Linux 4.4.0-72-generic
18 error argv "/home/flynn/.meteor/packages/meteor-tool/.1.4.2_3.1xwvbgu++os.linux.x86_64+web.browser+web.cordova/mt-os.linux.x86_64/dev_bundle/bin/node" "/home/flynn/.meteor/packages/meteor-tool/.1.4.2_3.1xwvbgu++os.linux.x86_64+web.browser+web.cordova/mt-os.linux.x86_64/dev_bundle/bin/npm" "start"
19 error node v4.6.2
20 error npm  v3.10.9
21 error code ELIFECYCLE
22 error botman@ start: `meteor run --settings settings-development.json`
22 error Exit status 254
23 error Failed at the botman@ start script 'meteor run --settings settings-development.json'.
23 error Make sure you have the latest version of node.js and npm installed.
23 error If you do, this is most likely a problem with the botman package,
23 error not with npm itself.
23 error Tell the author that this fails on your system:
23 error     meteor run --settings settings-development.json
23 error You can get information on how to open an issue for this project with:
23 error     npm bugs botman
23 error Or if that isn't available, you can get their info via:
23 error     npm owner ls botman
23 error There is likely additional logging output above.
24 verbose exit [ 1, true ]
